app/build/intermediates/manifest_merge_blame_file/debug/manifest-merger-blame-debug-report.txt
1<?xml version="1.0" encoding="utf-8"?>
2<manifest xmlns:android="http://schemas.android.com/apk/res/android"
3    package="com.eightlabs.sltrainschedule"
4    android:versionCode="1"
5    android:versionName="1.0" >
6
7    <uses-sdk
7-->src\main\AndroidManifest.xml:8:5-10:47
8        android:minSdkVersion="15"
8-->src\main\AndroidManifest.xml:8:5-10:47
9        android:targetSdkVersion="28" />
9-->src\main\AndroidManifest.xml:9:9-38
10
11    <application
11-->src\main\AndroidManifest.xml:12:5-30:19
12        android:allowBackup="true"
12-->src\main\AndroidManifest.xml:13:9-35
13        android:appComponentFactory="android.support.v4.app.CoreComponentFactory"
13-->[com.android.support:support-compat:28.0.0] AndroidManifest.xml:22:18-91
14        android:debuggable="true"
15        android:icon="@drawable/ic_app_logo"
15-->src\main\AndroidManifest.xml:14:9-45
16        android:label="@string/app_label"
16-->src\main\AndroidManifest.xml:15:9-42
17        android:testOnly="true"
18        android:theme="@style/Theme.Apptheme" >
18-->src\main\AndroidManifest.xml:16:9-46
19        <activity
19-->src\main\AndroidManifest.xml:17:9-21:20
20            android:name="com.eightlabs.sltrainschedule.MainActivity"
20-->src\main\AndroidManifest.xml:18:13-41
21            android:label="@string/app_name"
21-->src\main\AndroidManifest.xml:19:13-45
22            android:theme="@style/Theme.Apptheme" >
22-->src\main\AndroidManifest.xml:20:13-50
23        </activity>
24        <activity
24-->src\main\AndroidManifest.xml:22:9-29:20
25            android:name="com.eightlabs.sltrainschedule.SplashScreenActivity"
25-->src\main\AndroidManifest.xml:23:13-49
26            android:theme="@style/Theme.Splash" >
26-->src\main\AndroidManifest.xml:24:13-48
27            <intent-filter>
27-->src\main\AndroidManifest.xml:25:13-28:29
28                <action android:name="android.intent.action.MAIN" />
28-->src\main\AndroidManifest.xml:26:17-69
28-->src\main\AndroidManifest.xml:26:25-66
29
30                <category android:name="android.intent.category.LAUNCHER" />
30-->src\main\AndroidManifest.xml:27:17-77
30-->src\main\AndroidManifest.xml:27:27-74
31            </intent-filter>
32        </activity>
33    </application>
34
35</manifest>